生成启动时间为 2017/7/31 星期一 下午 8:22:05。
     1>项目“c:\Users\22262_000\documents\visual studio 2010\Projects\学生管理系统2.0\学生管理系统2.0\学生管理系统2.0.vcxproj”在节点 2 上(build 个目标)。
     1>InitializeBuildStatus:
         正在对“Debug\学生管理系统2.0.unsuccessfulbuild”执行 Touch 任务。
       ClCompile:
         所有输出均为最新。
         C:\Program Files (x86)\Microsoft Visual Studio 10.0\VC\bin\CL.exe /c /ZI /nologo /W3 /WX- /Od /Oy- /D WIN32 /D _DEBUG /D _CONSOLE /D _UNICODE /D UNICODE /Gm /EHsc /RTC1 /MDd /GS /fp:precise /Zc:wchar_t /Zc:forScope /Yu"StdAfx.h" /Fp"Debug\学生管理系统2.0.pch" /Fo"Debug\\" /Fd"Debug\vc100.pdb" /Gd /TP /analyze- /errorReport:prompt student.cpp
         student.cpp
       ManifestResourceCompile:
         C:\Program Files (x86)\Microsoft SDKs\Windows\v7.0A\bin\rc.exe /nologo /fo"Debug\学生管理系统2.0.exe.embed.manifest.res" "Debug\学生管理系统2.0_manifest.rc" 
       Link:
         C:\Program Files (x86)\Microsoft Visual Studio 10.0\VC\bin\link.exe /ERRORREPORT:PROMPT /OUT:"c:\users\22262_000\documents\visual studio 2010\Projects\学生管理系统2.0\Debug\学生管理系统2.0.exe" /INCREMENTAL /NOLOGO kernel32.lib user32.lib gdi32.lib winspool.lib comdlg32.lib advapi32.lib shell32.lib ole32.lib oleaut32.lib uuid.lib odbc32.lib odbccp32.lib /MANIFEST /ManifestFile:"Debug\学生管理系统2.0.exe.intermediate.manifest" /MANIFESTUAC:"level='asInvoker' uiAccess='false'" /DEBUG /PDB:"c:\users\22262_000\documents\visual studio 2010\Projects\学生管理系统2.0\Debug\学生管理系统2.0.pdb" /SUBSYSTEM:CONSOLE /TLBID:1 /DYNAMICBASE /NXCOMPAT /IMPLIB:"c:\users\22262_000\documents\visual studio 2010\Projects\学生管理系统2.0\Debug\学生管理系统2.0.lib" /MACHINE:X86 "Debug\学生管理系统2.0.exe.embed.manifest.res"
         Debug\main.obj
         Debug\stdafx.obj
         Debug\student.obj
       Manifest:
         C:\Program Files (x86)\Microsoft SDKs\Windows\v7.0A\bin\mt.exe /nologo /verbose /out:"Debug\学生管理系统2.0.exe.embed.manifest" /manifest "Debug\学生管理系统2.0.exe.intermediate.manifest"
         C:\Program Files (x86)\Microsoft SDKs\Windows\v7.0A\bin\rc.exe /nologo /fo"Debug\学生管理系统2.0.exe.embed.manifest.res" "Debug\学生管理系统2.0_manifest.rc" 
       LinkEmbedManifest:
         C:\Program Files (x86)\Microsoft Visual Studio 10.0\VC\bin\link.exe /ERRORREPORT:PROMPT /OUT:"c:\users\22262_000\documents\visual studio 2010\Projects\学生管理系统2.0\Debug\学生管理系统2.0.exe" /INCREMENTAL /NOLOGO kernel32.lib user32.lib gdi32.lib winspool.lib comdlg32.lib advapi32.lib shell32.lib ole32.lib oleaut32.lib uuid.lib odbc32.lib odbccp32.lib /MANIFEST /ManifestFile:"Debug\学生管理系统2.0.exe.intermediate.manifest" /MANIFESTUAC:"level='asInvoker' uiAccess='false'" /DEBUG /PDB:"c:\users\22262_000\documents\visual studio 2010\Projects\学生管理系统2.0\Debug\学生管理系统2.0.pdb" /SUBSYSTEM:CONSOLE /TLBID:1 /DYNAMICBASE /NXCOMPAT /IMPLIB:"c:\users\22262_000\documents\visual studio 2010\Projects\学生管理系统2.0\Debug\学生管理系统2.0.lib" /MACHINE:X86 "Debug\学生管理系统2.0.exe.embed.manifest.res"
         Debug\main.obj
         Debug\stdafx.obj
         Debug\student.obj
         学生管理系统2.0.vcxproj -> c:\users\22262_000\documents\visual studio 2010\Projects\学生管理系统2.0\Debug\学生管理系统2.0.exe
       FinalizeBuildStatus:
         正在删除文件“Debug\学生管理系统2.0.unsuccessfulbuild”。
         正在对“Debug\学生管理系统2.0.lastbuildstate”执行 Touch 任务。
     1>已完成生成项目“c:\Users\22262_000\documents\visual studio 2010\Projects\学生管理系统2.0\学生管理系统2.0\学生管理系统2.0.vcxproj”(build 个目标)的操作。

生成成功。

已用时间 00:00:04.52
